16:24:30 **** Build of configuration Debug for project HMI_ECU ****
make all 
Building file: ../hmi_ecu.c
Invoking: AVR Compiler
avr-gcc -Wall -g2 -gstabs -O0 -fpack-struct -fshort-enums -ffunction-sections -fdata-sections -std=gnu99 -funsigned-char -funsigned-bitfields -mmcu=atmega16 -DF_CPU=8000000UL -MMD -MP -MF"hmi_ecu.d" -MT"hmi_ecu.o" -c -o "hmi_ecu.o" "../hmi_ecu.c"
In file included from ../hmi_ecu.c:30:
c:/winavr-20100110/lib/gcc/../../avr/include/util/delay.h:90:3: warning: #warning "Compiler optimizations disabled; functions from <util/delay.h> won't work as designed"
../hmi_ecu.c: In function 'Change_Password':
../hmi_ecu.c:148: warning: pointer targets in passing argument 1 of 'LCD_displayString' differ in signedness
../hmi_ecu.c:175: warning: pointer targets in passing argument 1 of 'LCD_displayString' differ in signedness
../hmi_ecu.c: In function 'main_menu':
../hmi_ecu.c:225: warning: pointer targets in passing argument 1 of 'LCD_displayString' differ in signedness
../hmi_ecu.c:227: warning: pointer targets in passing argument 1 of 'LCD_displayString' differ in signedness
../hmi_ecu.c: In function 'Check_Password':
../hmi_ecu.c:293: warning: pointer targets in passing argument 1 of 'LCD_displayString' differ in signedness
../hmi_ecu.c: In function 'theif_function':
../hmi_ecu.c:351: warning: pointer targets in passing argument 1 of 'LCD_displayString' differ in signedness
../hmi_ecu.c: In function 'open_door':
../hmi_ecu.c:372: warning: pointer targets in passing argument 1 of 'LCD_displayString' differ in signedness
../hmi_ecu.c:379: warning: pointer targets in passing argument 1 of 'LCD_displayString' differ in signedness
../hmi_ecu.c:387: warning: pointer targets in passing argument 1 of 'LCD_displayString' differ in signedness
Finished building: ../hmi_ecu.c
 
Building target: HMI_ECU.elf
Invoking: AVR C Linker
avr-gcc -Wl,-Map,HMI_ECU.map -mmcu=atmega16 -o "HMI_ECU.elf"  ./gpio.o ./hmi_ecu.o ./keypad.o ./lcd.o ./timer0.o ./uart.o   
Finished building target: HMI_ECU.elf
 
Invoking: AVR Create Extended Listing
avr-objdump -h -S HMI_ECU.elf  >"HMI_ECU.lss"
Finished building: HMI_ECU.lss
 
Invoking: Print Size
avr-size --format=avr --mcu=atmega16 HMI_ECU.elf
AVR Memory Usage
----------------
Device: atmega16

Program:   12280 bytes (75.0% Full)
(.text + .data + .bootloader)

Data:        175 bytes (17.1% Full)
(.data + .bss + .noinit)


Finished building: sizedummy
 

16:24:31 Build Finished. 0 errors, 10 warnings. (took 456ms)

